0 info it worked if it ends with ok
1 verbose cli [ '/Users/antoshaVel/.nvm/versions/node/v6.10.0/bin/node',
1 verbose cli   '/Users/antoshaVel/.nvm/versions/node/v6.10.0/bin/npm',
1 verbose cli   'start' ]
2 info using npm@3.10.10
3 info using node@v6.10.0
4 verbose run-script [ 'prestart', 'start', 'poststart' ]
5 info lifecycle accommodations@0.0.1~prestart: accommodations@0.0.1
6 silly lifecycle accommodations@0.0.1~prestart: no script for prestart, continuing
7 info lifecycle accommodations@0.0.1~start: accommodations@0.0.1
8 verbose lifecycle accommodations@0.0.1~start: unsafe-perm in lifecycle true
9 verbose lifecycle accommodations@0.0.1~start: PATH: /Users/antoshaVel/.nvm/versions/node/v6.10.0/lib/node_modules/npm/bin/node-gyp-bin:/Users/antoshaVel/React/reviews/node_modules/.bin:/Users/antoshaVel/.nvm/versions/node/v6.10.0/bin:/usr/local/bin:/usr/bin:/bin:/usr/sbin:/sbin:/Users/antoshaVel/Library/Android/sdk/tools:/Users/antoshaVel/Library/Android/sdk/platform-tools:/Applications/Postgres.app/Contents/Versions/9.6/bin:/usr/local/Cellar/node/7.3.0/libexec/npm/bin
10 verbose lifecycle accommodations@0.0.1~start: CWD: /Users/antoshaVel/React/reviews
11 silly lifecycle accommodations@0.0.1~start: Args: [ '-c', 'node server.js' ]
12 silly lifecycle accommodations@0.0.1~start: Returned: code: 1  signal: null
13 info lifecycle accommodations@0.0.1~start: Failed to exec start script
14 verbose stack Error: accommodations@0.0.1 start: `node server.js`
14 verbose stack Exit status 1
14 verbose stack     at EventEmitter.<anonymous> (/Users/antoshaVel/.nvm/versions/node/v6.10.0/lib/node_modules/npm/lib/utils/lifecycle.js:255:16)
14 verbose stack     at emitTwo (events.js:106:13)
14 verbose stack     at EventEmitter.emit (events.js:191:7)
14 verbose stack     at ChildProcess.<anonymous> (/Users/antoshaVel/.nvm/versions/node/v6.10.0/lib/node_modules/npm/lib/utils/spawn.js:40:14)
14 verbose stack     at emitTwo (events.js:106:13)
14 verbose stack     at ChildProcess.emit (events.js:191:7)
14 verbose stack     at maybeClose (internal/child_process.js:877:16)
14 verbose stack     at Process.ChildProcess._handle.onexit (internal/child_process.js:226:5)
15 verbose pkgid accommodations@0.0.1
16 verbose cwd /Users/antoshaVel/React/reviews
17 error Darwin 16.5.0
18 error argv "/Users/antoshaVel/.nvm/versions/node/v6.10.0/bin/node" "/Users/antoshaVel/.nvm/versions/node/v6.10.0/bin/npm" "start"
19 error node v6.10.0
20 error npm  v3.10.10
21 error code ELIFECYCLE
22 error accommodations@0.0.1 start: `node server.js`
22 error Exit status 1
23 error Failed at the accommodations@0.0.1 start script 'node server.js'.
23 error Make sure you have the latest version of node.js and npm installed.
23 error If you do, this is most likely a problem with the accommodations package,
23 error not with npm itself.
23 error Tell the author that this fails on your system:
23 error     node server.js
23 error You can get information on how to open an issue for this project with:
23 error     npm bugs accommodations
23 error Or if that isn't available, you can get their info via:
23 error     npm owner ls accommodations
23 error There is likely additional logging output above.
24 verbose exit [ 1, true ]
